{
  "RSpec": {
    "coverage": {
      "/Users/joeyreyes/turing_work/3mod/pair_project/market_money/config/environment.rb": {
        "lines": [
          null,
          1,
          null,
          null,
          1
        ]
      },
      "/Users/joeyreyes/turing_work/3mod/pair_project/market_money/config/application.rb": {
        "lines": [
          1,
          null,
          1,
          null,
          1,
          1,
          1,
          1,
          1,
          1,
          1,
          1,
          1,
          1,
          null,
          null,
          null,
          null,
          1,
          null,
          1,
          1,
          null,
          1,
          null,
          null,
          null,
          null,
          1,
          null,
          null,
          null,
          null,
          null,
          null,
          null,
          null,
          null,
          null,
          null,
          null,
          1,
          null,
          null
        ]
      },
      "/Users/joeyreyes/turing_work/3mod/pair_project/market_money/config/boot.rb": {
        "lines": [
          1,
          null,
          1,
          1
        ]
      },
      "/Users/joeyreyes/turing_work/3mod/pair_project/market_money/config/environments/test.rb": {
        "lines": [
          1,
          null,
          null,
          null,
          null,
          null,
          null,
          1,
          null,
          null,
          null,
          1,
          null,
          null,
          null,
          null,
          null,
          1,
          null,
          null,
          1,
          1,
          null,
          null,
          null,
          null,
          1,
          1,
          1,
          null,
          null,
          1,
          null,
          null,
          1,
          null,
          null,
          1,
          null,
          1,
          null,
          null,
          null,
          null,
          1,
          null,
          null,
          1,
          null,
          null,
          1,
          null,
          null,
          1,
          null,
          null,
          null,
          null,
          null,
          null,
          null,
          null,
          1,
          null
        ]
      },
      "/Users/joeyreyes/turing_work/3mod/pair_project/market_money/config/initializers/cors.rb": {
        "lines": [
          null,
          null,
          null,
          null,
          null,
          null,
          null,
          null,
          null,
          null,
          null,
          null,
          null,
          null,
          null,
          null
        ]
      },
      "/Users/joeyreyes/turing_work/3mod/pair_project/market_money/config/initializers/filter_parameter_logging.rb": {
        "lines": [
          null,
          null,
          null,
          null,
          null,
          1,
          null,
          null
        ]
      },
      "/Users/joeyreyes/turing_work/3mod/pair_project/market_money/config/initializers/inflections.rb": {
        "lines": [
          null,
          null,
          null,
          null,
          null,
          null,
          null,
          null,
          null,
          null,
          null,
          null,
          null,
          null,
          null,
          null
        ]
      },
      "/Users/joeyreyes/turing_work/3mod/pair_project/market_money/spec/factories/markets.rb": {
        "lines": [
          1,
          1,
          2,
          2,
          2,
          2,
          2,
          2,
          2,
          2,
          null,
          null
        ]
      },
      "/Users/joeyreyes/turing_work/3mod/pair_project/market_money/spec/factories/vendors.rb": {
        "lines": [
          1,
          1,
          2,
          2,
          2,
          2,
          2,
          null,
          null
        ]
      },
      "/Users/joeyreyes/turing_work/3mod/pair_project/market_money/config/routes.rb": {
        "lines": [
          1,
          null,
          null,
          null,
          null,
          1,
          null,
          null,
          null,
          1,
          1,
          1,
          1,
          null,
          1,
          1,
          null,
          null,
          null
        ]
      },
      "/Users/joeyreyes/turing_work/3mod/pair_project/market_money/app/models/market.rb": {
        "lines": [
          1,
          1,
          1,
          null,
          1,
          0,
          null,
          null
        ]
      },
      "/Users/joeyreyes/turing_work/3mod/pair_project/market_money/app/models/application_record.rb": {
        "lines": [
          1,
          1,
          null
        ]
      },
      "/Users/joeyreyes/turing_work/3mod/pair_project/market_money/app/models/vendor.rb": {
        "lines": [
          1,
          1,
          1,
          null,
          1,
          1,
          1,
          1,
          null,
          1,
          1,
          null
        ]
      },
      "/Users/joeyreyes/turing_work/3mod/pair_project/market_money/app/controllers/api/v0/market_vendors_controller.rb": {
        "lines": [
          1,
          null,
          1,
          2,
          2,
          2,
          2,
          null,
          null,
          1,
          null,
          1,
          0,
          null,
          null
        ]
      },
      "/Users/joeyreyes/turing_work/3mod/pair_project/market_money/app/controllers/application_controller.rb": {
        "lines": [
          1,
          1,
          1,
          1,
          null,
          1,
          null,
          1,
          0,
          0,
          null,
          null,
          null,
          null,
          1,
          0,
          0,
          null,
          0,
          0,
          null,
          null,
          null,
          null,
          1,
          0,
          null,
          null,
          null
        ]
      },
      "/Users/joeyreyes/turing_work/3mod/pair_project/market_money/app/models/market_vendor.rb": {
        "lines": [
          1,
          1,
          1,
          null,
          1,
          1,
          null
        ]
      }
    },
    "timestamp": 1711675295
  }
}
